<?xml version="1.0" encoding="UTF-8"?>
<!-- Generated by org.testng.reporters.JUnitReportReporter -->
<testsuite skipped="0" hostname="DESKTOP-91B7HJ8" name="test.LoginTest" tests="1" failures="0" timestamp="01 Jun 2019 08:55:43 GMT" time="5.022" errors="0">
  <testcase name="TechfiosLoginTest" time="5.022" classname="test.LoginTest"/>
</testsuite> <!-- test.LoginTest -->
